This is e-pTeX, Version 3.141592653-p3.9.0-210218-2.6 (utf8.euc) (TeX Live 2021) (preloaded format=platex 2021.7.3)  22 MAY 2024 20:39
entering extended mode
 restricted \write18 enabled.
 file:line:error style messages enabled.
 %&-line parsing enabled.
**main.tex
(./main.tex
pLaTeX2e <2020-10-01>+2 (based on LaTeX2e <2020-10-01> patch level 4)
L3 programming layer <2021-02-18>
(/usr/local/texlive/2021/texmf-dist/tex/latex/base/article.cls
Document Class: article 2020/04/10 v1.4m Standard LaTeX document class
(/usr/local/texlive/2021/texmf-dist/tex/latex/base/size10.clo
File: size10.clo 2020/04/10 v1.4m Standard LaTeX file (size option)
)
\c@part=\count178
\c@section=\count179
\c@subsection=\count180
\c@subsubsection=\count181
\c@paragraph=\count182
\c@subparagraph=\count183
\c@figure=\count184
\c@table=\count185
\abovecaptionskip=\skip47
\belowcaptionskip=\skip48
\bibindent=\dimen154
)
(/usr/local/texlive/2021/texmf-dist/tex/generic/babel/babel.sty
Package: babel 2021/03/24 3.56 The Babel package

(/usr/local/texlive/2021/texmf-dist/tex/generic/babel/babel.def
File: babel.def 2021/03/24 3.56 Babel common definitions
\babel@savecnt=\count186
\U@D=\dimen155
\l@babelnohyphens=\language87

(/usr/local/texlive/2021/texmf-dist/tex/generic/babel/txtbabel.def)
\bbl@readstream=\read2
)
\bbl@dirlevel=\count187

(/usr/local/texlive/2021/texmf-dist/tex/generic/babel-english/english.ldf
Language: english 2017/06/06 v3.3r English support from the babel system
Package babel Info: \l@canadian = using hyphenrules for english
(babel)             (\language0) on input line 102.
Package babel Info: \l@australian = using hyphenrules for ukenglish
(babel)             (\language21) on input line 105.
Package babel Info: \l@newzealand = using hyphenrules for ukenglish
(babel)             (\language21) on input line 108.
))
(./tabularray.sty
(/usr/local/texlive/2021/texmf-dist/tex/latex/l3kernel/expl3.sty
Package: expl3 2021-02-18 L3 programming layer (loader) 

(/usr/local/texlive/2021/texmf-dist/tex/latex/l3backend/l3backend-dvips.def
File: l3backend-dvips.def 2021-03-18 L3 backend support: dvips
\l__pdf_internal_box=\box64
\g__pdf_backend_object_int=\count188
\l__pdf_backend_content_box=\box65
\l__pdf_backend_model_box=\box66
\g__pdf_backend_annotation_int=\count189
\g__pdf_backend_link_int=\count190
\g__pdf_backend_link_sf_int=\count191
))
Package: tabularray 2024-02-16 v2024A Typeset tabulars and arrays with LaTeX3

LaTeX3 Info: Defining command \TblrParboxRestore with sig. '' on line 46.


LaTeX3 Info: Defining command \TblrAlignBoth with sig. '' on line 55.


LaTeX3 Info: Defining command \TblrAlignLeft with sig. '' on line 57.


LaTeX3 Info: Defining command \TblrAlignCenter with sig. '' on line 59.


LaTeX3 Info: Defining command \TblrAlignRight with sig. '' on line 61.

\l__tblr_a_int=\count192
\l__tblr_c_int=\count193
\l__tblr_r_int=\count194
\l__tblr_d_dim=\dimen156
\l__tblr_h_dim=\dimen157
\l__tblr_o_dim=\dimen158
\l__tblr_p_dim=\dimen159
\l__tblr_q_dim=\dimen160
\l__tblr_r_dim=\dimen161
\l__tblr_s_dim=\dimen162
\l__tblr_t_dim=\dimen163
\l__tblr_v_dim=\dimen164
\l__tblr_w_dim=\dimen165
\l__tblr_a_box=\box67
\l__tblr_b_box=\box68
\l__tblr_c_box=\box69
\l__tblr_d_box=\box70
\g__tblr_table_count_int=\count195
\c@rownum=\count196
\c@colnum=\count197
\c@rowcount=\count198
\c@colcount=\count199

LaTeX3 Info: Defining command \therownum with sig. '' on line 159.


LaTeX3 Info: Defining command \thecolnum with sig. '' on line 160.


LaTeX3 Info: Defining command \therowcount with sig. '' on line 161.


LaTeX3 Info: Defining command \thecolcount with sig. '' on line 162.

\abovesep=\dimen166
\belowsep=\dimen167
\leftsep=\dimen168
\rightsep=\dimen169
\g_tblr_level_int=\count266
\g__tblr_data_row_key_count_int=\count267
\g__tblr_data_column_key_count_int=\count268
\g__tblr_data_cell_key_count_int=\count269
\g__tblr_array_int=\count270
\l__tblr_key_count_int=\count271
\l__tblr_key_quotient_int=\count272
\l__tblr_key_quotient_two_int=\count273
\l__tblr_key_remainder_int=\count274
\g__tblr_data_str_value_count_int=\count275

LaTeX3 Info: Defining command \NewChildSelector with sig. 'mO{0}om' on line
(LaTeX3)     837.


LaTeX3 Info: Defining command \__tblr_child_selector_odd:w with sig. 'O{}' on
(LaTeX3)     line 879.


LaTeX3 Info: Defining command \__tblr_child_selector_even:w with sig. 'O{}' on
(LaTeX3)     line 889.


LaTeX3 Info: Defining command \NewTableCommand with sig. 'mO{0}om' on line
(LaTeX3)     1017.


LaTeX3 Info: Defining command \__tblr_table_command_empty:w with sig. '' on
(LaTeX3)     line 1048.


LaTeX3 Info: Defining command \SetHlines with sig. 'omm' on line 1053.


LaTeX3 Info: Defining command \SetHline with sig. 'omm' on line 1054.


LaTeX3 Info: Defining command \SetVlines with sig. 'omm' on line 1055.


LaTeX3 Info: Defining command \SetVline with sig. 'omm' on line 1056.


LaTeX3 Info: Defining command \SetCells with sig. 'om' on line 1057.


LaTeX3 Info: Defining command \SetCell with sig. 'om' on line 1058.


LaTeX3 Info: Defining command \SetRows with sig. 'om' on line 1059.


LaTeX3 Info: Defining command \SetRow with sig. 'om' on line 1060.


LaTeX3 Info: Defining command \SetColumns with sig. 'om' on line 1061.


LaTeX3 Info: Defining command \SetColumn with sig. 'om' on line 1062.


LaTeX3 Info: Defining command \NewContentCommand with sig. 'mO{0}om' on line
(LaTeX3)     1090.

\rulewidth=\dimen170

LaTeX3 Info: Defining command \NewDashStyle with sig. 'mm' on line 1130.


LaTeX3 Info: Defining command \__tblr_table_command_SetHlines:w with sig.
(LaTeX3)     'O{+}mm' on line 1184.


LaTeX3 Info: Defining command \__tblr_table_command_cline:w with sig. 'O{}m'
(LaTeX3)     on line 1223.


LaTeX3 Info: Defining command \__tblr_table_command_hline:w with sig. 'O{}' on
(LaTeX3)     line 1225.


LaTeX3 Info: Defining command \__tblr_table_command_SetHline:w with sig.
(LaTeX3)     'O{+}mm' on line 1233.


LaTeX3 Info: Defining command \__tblr_table_command_firsthline:w with sig.
(LaTeX3)     'O{}' on line 1416.


LaTeX3 Info: Defining command \__tblr_table_command_firsthline_saved:w with
(LaTeX3)     sig. 'O{}' on line 1416.


LaTeX3 Info: Defining command \__tblr_table_command_lasthline:w with sig.
(LaTeX3)     'O{}' on line 1421.


LaTeX3 Info: Defining command \__tblr_table_command_lasthline_saved:w with
(LaTeX3)     sig. 'O{}' on line 1421.


LaTeX3 Info: Defining command \__tblr_table_command_SetVlines:w with sig.
(LaTeX3)     'O{+}mm' on line 1427.


LaTeX3 Info: Defining command \__tblr_table_command_rline:w with sig. 'O{}m'
(LaTeX3)     on line 1465.


LaTeX3 Info: Defining command \__tblr_table_command_rline_saved:w with sig.
(LaTeX3)     'O{}m' on line 1465.


LaTeX3 Info: Defining command \__tblr_table_command_vline:w with sig. 'O{}' on
(LaTeX3)     line 1467.


LaTeX3 Info: Defining command \__tblr_table_command_SetVline:w with sig.
(LaTeX3)     'O{+}mm' on line 1475.


LaTeX3 Info: Defining command \__tblr_table_command_hborder:w with sig. 'm' on
(LaTeX3)     line 1624.


LaTeX3 Info: Defining command \__tblr_table_command_hborder_saved:w with sig.
(LaTeX3)     'm' on line 1624.


LaTeX3 Info: Defining command \__tblr_table_command_vborder:w with sig. 'm' on
(LaTeX3)     line 1681.


LaTeX3 Info: Defining command \__tblr_table_command_vborder_saved:w with sig.
(LaTeX3)     'm' on line 1681.


LaTeX3 Info: Defining command \__tblr_table_command_SetCells:w with sig.
(LaTeX3)     'O{}m' on line 1727.


LaTeX3 Info: Defining command \__tblr_table_command_SetCell:w with sig. 'O{}m'
(LaTeX3)     on line 1759.


LaTeX3 Info: Defining command \__tblr_table_command_multicolumn:w with sig.
(LaTeX3)     'mm' on line 1968.


LaTeX3 Info: Defining command \__tblr_table_command_multirow:w with sig.
(LaTeX3)     'O{m}mm' on line 1973.


LaTeX3 Info: Defining command \__tblr_table_command_multirow_saved:w with sig.
(LaTeX3)     'O{m}mm' on line 1973.


LaTeX3 Info: Defining command \__tblr_table_command_SetColumns:w with sig.
(LaTeX3)     'O{}m' on line 1983.


LaTeX3 Info: Defining command \__tblr_table_command_SetColumn:w with sig.
(LaTeX3)     'O{}m' on line 2011.


LaTeX3 Info: Defining command \__tblr_table_command_SetRows:w with sig. 'O{}m'
(LaTeX3)     on line 2151.


LaTeX3 Info: Defining command \__tblr_table_command_SetRow:w with sig. 'O{}m'
(LaTeX3)     on line 2179.


LaTeX3 Info: Defining command \__tblr_table_command_pagebreak:w with sig.
(LaTeX3)     'O{4}' on line 2318.


LaTeX3 Info: Defining command \__tblr_table_command_nopagebreak:w with sig.
(LaTeX3)     'O{4}' on line 2323.


LaTeX3 Info: Defining command \tblr_primitive_column_type_Q with sig. 'O{}' on
(LaTeX3)     line 2339.


LaTeX3 Info: Defining command \tblr_column_type_Q with sig. 'O{}' on line
(LaTeX3)     2344.


LaTeX3 Info: Defining command \tblr_primitive_row_type_Q with sig. 'O{}' on
(LaTeX3)     line 2351.


LaTeX3 Info: Defining command \tblr_row_type_Q with sig. 'O{}' on line 2356.


LaTeX3 Info: Defining command \tblr_primitive_column_type_| with sig. 'O{}' on
(LaTeX3)     line 2362.


LaTeX3 Info: Defining command \tblr_column_type_| with sig. 'O{}' on line
(LaTeX3)     2367.


LaTeX3 Info: Defining command \tblr_primitive_row_type_| with sig. 'O{}' on
(LaTeX3)     line 2373.


LaTeX3 Info: Defining command \tblr_row_type_| with sig. 'O{}' on line 2378.


LaTeX3 Info: Defining command \tblr_primitive_column_type_> with sig. 'O{}m'
(LaTeX3)     on line 2394.


LaTeX3 Info: Defining command \tblr_column_type_> with sig. 'O{}m' on line
(LaTeX3)     2399.


LaTeX3 Info: Defining command \tblr_primitive_row_type_> with sig. 'O{}m' on
(LaTeX3)     line 2413.


LaTeX3 Info: Defining command \tblr_row_type_> with sig. 'O{}m' on line 2418.


LaTeX3 Info: Defining command \tblr_primitive_column_type_< with sig. 'O{}m'
(LaTeX3)     on line 2435.


LaTeX3 Info: Defining command \tblr_column_type_< with sig. 'O{}m' on line
(LaTeX3)     2440.


LaTeX3 Info: Defining command \tblr_primitive_row_type_< with sig. 'O{}m' on
(LaTeX3)     line 2457.


LaTeX3 Info: Defining command \tblr_row_type_< with sig. 'O{}m' on line 2462.


LaTeX3 Info: Defining command \NewColumnType with sig. 'mO{0}om' on line 2482.


LaTeX3 Info: Defining command \NewRowType with sig. 'mO{0}om' on line 2488.


LaTeX3 Info: Defining command \NewColumnRowType with sig. 'mO{0}om' on line
(LaTeX3)     2496.


LaTeX3 Info: Defining command \tblr_column_type_l with sig. '' on line 2521.


LaTeX3 Info: Defining command \tblr_row_type_l with sig. '' on line 2521.


LaTeX3 Info: Defining command \tblr_column_type_c with sig. '' on line 2522.


LaTeX3 Info: Defining command \tblr_row_type_c with sig. '' on line 2522.


LaTeX3 Info: Defining command \tblr_column_type_r with sig. '' on line 2523.


LaTeX3 Info: Defining command \tblr_row_type_r with sig. '' on line 2523.


LaTeX3 Info: Defining command \tblr_column_type_j with sig. '' on line 2524.


LaTeX3 Info: Defining command \tblr_row_type_j with sig. '' on line 2524.


LaTeX3 Info: Defining command \tblr_column_type_t with sig. 'm' on line 2526.


LaTeX3 Info: Defining command \tblr_column_type_p with sig. 'm' on line 2527.


LaTeX3 Info: Defining command \tblr_column_type_m with sig. 'm' on line 2528.


LaTeX3 Info: Defining command \tblr_column_type_b with sig. 'm' on line 2529.


LaTeX3 Info: Defining command \tblr_column_type_h with sig. 'm' on line 2530.


LaTeX3 Info: Defining command \tblr_column_type_f with sig. 'm' on line 2531.


LaTeX3 Info: Defining command \tblr_row_type_t with sig. 'm' on line 2533.


LaTeX3 Info: Defining command \tblr_row_type_p with sig. 'm' on line 2534.


LaTeX3 Info: Defining command \tblr_row_type_m with sig. 'm' on line 2535.


LaTeX3 Info: Defining command \tblr_row_type_b with sig. 'm' on line 2536.


LaTeX3 Info: Defining command \tblr_row_type_h with sig. 'm' on line 2537.


LaTeX3 Info: Defining command \tblr_row_type_f with sig. 'm' on line 2538.


LaTeX3 Info: Defining command \tblr_column_type_X with sig. 'O{}' on line
(LaTeX3)     2540.


LaTeX3 Info: Defining command \tblr_row_type_X with sig. 'O{}' on line 2540.


LaTeX3 Info: Defining command \tblr_column_type_! with sig. 'm' on line 2542.


LaTeX3 Info: Defining command \tblr_row_type_! with sig. 'm' on line 2542.


LaTeX3 Info: Defining command \tblr_column_type_@ with sig. 'm' on line 2543.


LaTeX3 Info: Defining command \tblr_row_type_@ with sig. 'm' on line 2543.


LaTeX3 Info: Defining command \tblr_column_type_* with sig. 'mm' on line 2544.


LaTeX3 Info: Defining command \tblr_row_type_* with sig. 'mm' on line 2544.


LaTeX3 Info: Defining command \SetTblrInner with sig. 'O{tblr}m' on line 2632.


LaTeX3 Info: Defining command \SetTblrOuter with sig. 'O{tblr}m' on line 2641.


LaTeX3 Info: Defining command \NewTblrEnviron with sig. 'm' on line 2653.


LaTeX3 Info: Defining environment 'tblr' with sig. 'O{c}m+b' on line 2656.


LaTeX3 Info: Defining environment 'longtblr' with sig. 'O{c}m+b' on line 2657.


LaTeX3 Info: Defining environment 'talltblr' with sig. 'O{c}m+b' on line 2659.


LaTeX3 Info: Defining command \__tblr_table_command_RowBefore@AddBelowSep:w
(LaTeX3)     with sig. 'O{}' on line 2837.


LaTeX3 Info: Defining command
(LaTeX3)     \__tblr_table_command_RowBefore@AddBelowSep_saved:w with sig.
(LaTeX3)     'O{}' on line 2837.


LaTeX3 Info: Defining command \NewTblrTheme with sig. 'm+m' on line 3189.

\l__tblr_strut_dp_dim=\dimen171
\l__tblr_strut_ht_dim=\dimen172
\g__tblr_cell_wd_dim=\dimen173
\g__tblr_cell_ht_dim=\dimen174
\g__tblr_cell_head_dim=\dimen175
\g__tblr_cell_foot_dim=\dimen176

LaTeX3 Info: Defining command \__tblr_fake_color_command:w with sig. 'om' on
(LaTeX3)     line 3748.

\l__column_target_dim=\dimen177

LaTeX3 Info: Defining command \SetTblrStyle with sig. 'm+m' on line 4657.


LaTeX3 Info: Defining command \DefTblrTemplate with sig. 'mm+m' on line 4731.


LaTeX3 Info: Defining command \SetTblrTemplate with sig. 'mm' on line 4752.


LaTeX3 Info: Defining command \GetTblrStyle with sig. 'mm' on line 4764.


LaTeX3 Info: Defining command \UseTblrFont with sig. 'm' on line 4769.


LaTeX3 Info: Defining command \UseTblrColor with sig. 'm' on line 4777.


LaTeX3 Info: Defining command \UseTblrAlign with sig. 'm' on line 4783.


LaTeX3 Info: Defining command \UseTblrHang with sig. 'm' on line 4797.


LaTeX3 Info: Defining command \UseTblrIndent with sig. 'm' on line 4806.


LaTeX3 Info: Defining command \ExpTblrTemplate with sig. 'mm' on line 4817.


LaTeX3 Info: Defining command \UseTblrTemplate with sig. 'mm' on line 4827.


LaTeX3 Info: Defining command \MapTblrNotes with sig. '+m' on line 4837.


LaTeX3 Info: Defining command \MapTblrRemarks with sig. '+m' on line 4847.


LaTeX3 Info: Defining command \InsertTblrText with sig. 'm' on line 4852.


LaTeX3 Info: Defining command \InsertTblrMore with sig. 'm' on line 4857.

\l__tblr_caption_box=\box71
\l__tblr_caption_left_box=\box72

LaTeX3 Info: Defining command \TblrNote with sig. 'm' on line 5147.

\l__tblr_row_head_box=\box73
\l__tblr_row_foot_box=\box74
\l__tblr_row_head_foot_dim=\dimen178
\tablewidth=\dimen179
\l__tblr_table_firsthead_box=\box75
\l__tblr_table_middlehead_box=\box76
\l__tblr_table_lasthead_box=\box77
\l__tblr_table_firstfoot_box=\box78
\l__tblr_table_middlefoot_box=\box79
\l__tblr_table_lastfoot_box=\box80
\l__tblr_remain_height_dim=\dimen180
\l__tblr_long_from_int=\count276
\l__tblr_long_to_int=\count277
\l__tblr_curr_i_int=\count278
\l__tblr_prev_i_int=\count279
\l__tblr_table_page_int=\count280
\l__tblr_table_head_box=\box81
\l__tblr_table_foot_box=\box82
\l__tblr_table_head_foot_dim=\dimen181
\l__tblr_table_head_body_foot_dim=\dimen182
\l__tblr_table_box=\box83
\l__tblr_table_hlines_box=\box84
\l__tblr_hline_box=\box85
\l__tblr_row_box=\box86
\l__tblr_col_o_wd_dim=\dimen183
\l__tblr_col_b_wd_dim=\dimen184
\l__tblr_hline_leftskip_dim=\dimen185
\l__tblr_hline_rightskip_dim=\dimen186
\l__tblr_row_ht_dim=\dimen187
\l__tblr_row_dp_dim=\dimen188
\l__tblr_row_abovesep_dim=\dimen189
\l__tblr_row_belowsep_dim=\dimen190
\l__tblr_row_vlines_box=\box87
\l__tblr_vline_box=\box88
\l__tblr_cell_box=\box89
\l__row_upper_dim=\dimen191
\l__row_lower_dim=\dimen192
\l__row_vpace_dim=\dimen193
\l__tblr_vline_aboveskip_dim=\dimen194
\l__tblr_vline_belowskip_dim=\dimen195
\l__tblr_cell_wd_dim=\dimen196
\l__tblr_cell_ht_dim=\dimen197

LaTeX3 Info: Defining command \SetTblrTracing with sig. 'm' on line 6801.


LaTeX3 Info: Defining command \LogTblrTracing with sig. 'm' on line 6913.


LaTeX3 Info: Defining command \NewTblrLibrary with sig. 'mm' on line 7038.


LaTeX3 Info: Defining command \UseTblrLibrary with sig. 'm' on line 7047.

\l__tblr_diag_box=\box90
)
(/usr/local/texlive/2021/texmf-dist/tex/latex/booktabs/booktabs.sty
Package: booktabs 2020/01/12 v1.61803398 Publication quality tables
\heavyrulewidth=\dimen198
\lightrulewidth=\dimen199
\cmidrulewidth=\dimen256
\belowrulesep=\dimen257
\belowbottomsep=\dimen258
\aboverulesep=\dimen259
\abovetopsep=\dimen260
\cmidrulesep=\dimen261
\cmidrulekern=\dimen262
\defaultaddspace=\dimen263
\@cmidla=\count281
\@cmidlb=\count282
\@aboverulesep=\dimen264
\@belowrulesep=\dimen265
\@thisruleclass=\count283
\@lastruleclass=\count284
\@thisrulewidth=\dimen266
)

LaTeX3 Info: Defining command \__tblr_table_command_toprule:w with sig. 'O{}'
(LaTeX3)     on line 8.


LaTeX3 Info: Defining command \__tblr_table_command_midrule:w with sig. 'O{}'
(LaTeX3)     on line 8.


LaTeX3 Info: Defining command \__tblr_table_command_bottomrule:w with sig.
(LaTeX3)     'O{}' on line 8.


LaTeX3 Info: Defining command \__tblr_table_command_cmidrule:w with sig.
(LaTeX3)     'O{}m' on line 8.


LaTeX3 Info: Defining command \__tblr_table_command_cmidrulemore:w with sig.
(LaTeX3)     'O{}m' on line 8.


LaTeX3 Info: Defining command \__tblr_table_command_cmidrulemore_saved:w with
(LaTeX3)     sig. 'O{}m' on line 8.


LaTeX3 Info: Defining command \__tblr_table_command_morecmidrules:w with sig.
(LaTeX3)     '' on line 8.


LaTeX3 Info: Defining environment 'booktabs' with sig. 'O{c}m+b' on line 8.


LaTeX3 Info: Defining environment 'longtabs' with sig. 'O{c}m+b' on line 8.


LaTeX3 Info: Defining environment 'talltabs' with sig. 'O{c}m+b' on line 8.


(/usr/local/texlive/2021/texmf-dist/tex/latex/etoolbox/etoolbox.sty
Package: etoolbox 2020/10/05 v2.5k e-TeX tools for LaTeX (JAW)
\etb@tempcnta=\count285
)

LaTeX3 Info: Defining command \__tblr_table_command_specialrule:w with sig.
(LaTeX3)     'mmm' on line 8.


LaTeX3 Info: Defining command \__tblr_table_command_addrowspace:w with sig.
(LaTeX3)     'O{\defaultaddspace }' on line 8.


LaTeX3 Info: Defining command \__tblr_table_command_addrowspace_saved:w with
(LaTeX3)     sig. 'O{\defaultaddspace }' on line 8.


LaTeX3 Info: Defining command \__tblr_table_command_addlinespace:w with sig.
(LaTeX3)     'O{\defaultaddspace }' on line 8.


(/usr/local/texlive/2021/texmf-dist/tex/latex/tools/longtable.sty
Package: longtable 2020/01/07 v4.13 Multi-page Table package (DPC)
\LTleft=\skip49
\LTright=\skip50
\LTpre=\skip51
\LTpost=\skip52
\LTchunksize=\count286
\LTcapwidth=\dimen267
\LT@head=\box91
\LT@firsthead=\box92
\LT@foot=\box93
\LT@lastfoot=\box94
\LT@cols=\count287
\LT@rows=\count288
\c@LT@tables=\count289
\c@LT@chunks=\count290
\LT@p@ftn=\toks16
)
(/usr/local/texlive/2021/texmf-dist/tex/latex/tools/array.sty
Package: array 2020/10/01 v2.5c Tabular extension package (FMi)
\col@sep=\dimen268
\ar@mcellbox=\box95
\extrarowheight=\dimen269
\NC@list=\toks17
\extratabsurround=\skip53
\backup@length=\skip54
\ar@cellbox=\box96
)
(/usr/local/texlive/2021/texmf-dist/tex/latex/multirow/multirow.sty
Package: multirow 2021/03/15 v2.8 Span multiple rows of a table
\multirow@colwidth=\skip55
\multirow@cntb=\count291
\multirow@dima=\skip56
\bigstrutjot=\dimen270
)
(/usr/local/texlive/2021/texmf-dist/tex/latex/wrapfig/wrapfig.sty
\wrapoverhang=\dimen271
\WF@size=\dimen272
\c@WF@wrappedlines=\count292
\WF@box=\box97
\WF@everypar=\toks18
Package: wrapfig 2003/01/31  v 3.6
)
(/usr/local/texlive/2021/texmf-dist/tex/latex/float/float.sty
Package: float 2001/11/08 v1.3d Float enhancements (AL)
\c@float@type=\count293
\float@exts=\toks19
\float@box=\box98
\@float@everytoks=\toks20
\@floatcapt=\box99
)
(/usr/local/texlive/2021/texmf-dist/tex/latex/colortbl/colortbl.sty
Package: colortbl 2020/01/04 v1.0e Color table columns (DPC)

(/usr/local/texlive/2021/texmf-dist/tex/latex/graphics/color.sty
Package: color 2020/02/24 v1.2b Standard LaTeX Color (DPC)

(/usr/local/texlive/2021/texmf-dist/tex/latex/graphics-cfg/color.cfg
File: color.cfg 2016/01/02 v1.6 sample color configuration
)
Package color Info: Driver file: dvips.def on input line 147.

(/usr/local/texlive/2021/texmf-dist/tex/latex/graphics-def/dvips.def
File: dvips.def 2017/06/20 v3.1d Graphics/color driver for dvips
)
(/usr/local/texlive/2021/texmf-dist/tex/latex/graphics/dvipsnam.def
File: dvipsnam.def 2016/06/17 v3.0m Driver-dependent file (DPC,SPQR)
))
\everycr=\toks21
\minrowclearance=\skip57
)
(/usr/local/texlive/2021/texmf-dist/tex/latex/pdflscape/pdflscape.sty
Package: pdflscape 2019/12/05 v0.12 Display of landscape pages in PDF (HO)

(/usr/local/texlive/2021/texmf-dist/tex/generic/iftex/iftex.sty
Package: iftex 2020/03/06 v1.0d TeX engine tests
)
(/usr/local/texlive/2021/texmf-dist/tex/latex/graphics/lscape.sty
Package: lscape 2020/05/28 v3.02 Landscape Pages (DPC)

(/usr/local/texlive/2021/texmf-dist/tex/latex/graphics/graphics.sty
Package: graphics 2020/08/30 v1.4c Standard LaTeX Graphics (DPC,SPQR)

(/usr/local/texlive/2021/texmf-dist/tex/latex/graphics/trig.sty
Package: trig 2016/01/03 v1.10 sin cos tan (DPC)
)
(/usr/local/texlive/2021/texmf-dist/tex/latex/graphics-cfg/graphics.cfg
File: graphics.cfg 2016/06/04 v1.11 sample graphics configuration
)
Package graphics Info: Driver file: dvips.def on input line 105.
))
Package pdflscape Info: Auto-detected driver: dvips (dvips) on input line 124.

(/usr/local/texlive/2021/texmf-dist/tex/latex/base/atbegshi-ltx.sty
Package: atbegshi-ltx 2020/08/17 v1.0a Emulation of the original atbegshi packa
ge
with kernel methods
))
(/usr/local/texlive/2021/texmf-dist/tex/latex/tabu/tabu.sty
Package: tabu 2019/01/11 v2.9 - flexible LaTeX tabulars (FC+tabu-fixed)

(/usr/local/texlive/2021/texmf-dist/tex/latex/varwidth/varwidth.sty
Package: varwidth 2009/03/30 ver 0.92;  Variable-width minipages
\@vwid@box=\box100
\sift@deathcycles=\count294
\@vwid@loff=\dimen273
\@vwid@roff=\dimen274
)
\c@taburow=\count295
\tabu@nbcols=\count296
\tabu@cnt=\count297
\tabu@Xcol=\count298
\tabu@alloc=\count299
\tabu@nested=\count300
\tabu@target=\dimen275
\tabu@spreadtarget=\dimen276
\tabu@naturalX=\dimen277
\tabucolX=\dimen278
\tabu@Xsum=\dimen279
\extrarowdepth=\dimen280
\abovetabulinesep=\dimen281
\belowtabulinesep=\dimen282
\tabustrutrule=\dimen283
\tabu@thebody=\toks22
\tabu@footnotes=\toks23
\tabu@box=\box101
\tabu@arstrutbox=\box102
\tabu@hleads=\box103
\tabu@vleads=\box104
\tabu@cellskip=\skip58
)
(/usr/local/texlive/2021/texmf-dist/tex/latex/threeparttable/threeparttable.sty
Package: threeparttable 2003/06/13  v 3.0
\@tempboxb=\box105
)
(/usr/local/texlive/2021/texmf-dist/tex/latex/threeparttablex/threeparttablex.s
ty
Package: threeparttablex 2013/07/23 v0.3 by daleif
 (/usr/local/texlive/2021/texmf-dist/tex/latex/environ/environ.sty
Package: environ 2014/05/04 v0.3 A new way to define environments

(/usr/local/texlive/2021/texmf-dist/tex/latex/trimspaces/trimspaces.sty
Package: trimspaces 2009/09/17 v1.1 Trim spaces around a token list
)
\@envbody=\toks24
)
\TPTL@width=\skip59
)
(/usr/local/texlive/2021/texmf-dist/tex/generic/ulem/ulem.sty
\UL@box=\box106
\UL@hyphenbox=\box107
\UL@skip=\skip60
\UL@hook=\toks25
\UL@height=\dimen284
\UL@pe=\count301
\UL@pixel=\dimen285
\ULC@box=\box108
Package: ulem 2019/11/18
\ULdepth=\dimen286
)
(/usr/local/texlive/2021/texmf-dist/tex/latex/makecell/makecell.sty
Package: makecell 2009/08/03 V0.1e Managing of Tab Column Heads and Cells
\rotheadsize=\dimen287
\c@nlinenum=\count302
\TeXr@lab=\toks26
)
(/usr/local/texlive/2021/texmf-dist/tex/latex/xcolor/xcolor.sty
Package: xcolor 2016/05/11 v2.12 LaTeX color extensions (UK)

(/usr/local/texlive/2021/texmf-dist/tex/latex/graphics-cfg/color.cfg
File: color.cfg 2016/01/02 v1.6 sample color configuration
)
Package xcolor Info: Driver file: dvips.def on input line 225.
LaTeX Info: Redefining \color on input line 709.
Package xcolor Info: Model `cmy' substituted by `cmy0' on input line 1348.
Package xcolor Info: Model `RGB' extended on input line 1364.
Package xcolor Info: Model `HTML' substituted by `rgb' on input line 1366.
Package xcolor Info: Model `Hsb' substituted by `hsb' on input line 1367.
Package xcolor Info: Model `tHsb' substituted by `hsb' on input line 1368.
Package xcolor Info: Model `HSB' substituted by `hsb' on input line 1369.
Package xcolor Info: Model `Gray' substituted by `gray' on input line 1370.
Package xcolor Info: Model `wave' substituted by `hsb' on input line 1371.
)
(/usr/local/texlive/2021/texmf-dist/tex/latex/siunitx/siunitx.sty
(/usr/local/texlive/2021/texmf-dist/tex/latex/l3packages/xparse/xparse.sty
(/usr/local/texlive/2021/texmf-dist/tex/latex/l3packages/xparse/xparse-2020-10-
01.sty
(/usr/local/texlive/2021/texmf-dist/tex/latex/l3packages/xparse/xparse-generic.
tex)))
Package: siunitx 2020/02/25 v2.8b A comprehensive (SI) units package
 (/usr/local/texlive/2021/texmf-dist/tex/latex/amsmath/amstext.sty
Package: amstext 2000/06/29 v2.01 AMS text

(/usr/local/texlive/2021/texmf-dist/tex/latex/amsmath/amsgen.sty
File: amsgen.sty 1999/11/30 v2.0 generic functions
\@emptytoks=\toks27
\ex@=\dimen288
))
(/usr/local/texlive/2021/texmf-dist/tex/latex/l3packages/l3keys2e/l3keys2e.sty
Package: l3keys2e 2021-03-12 LaTeX2e option processing using LaTeX3 keys
)
\l__siunitx_tmp_box=\box109
\l__siunitx_tmp_dim=\dimen289
\l__siunitx_tmp_int=\count303
\l__siunitx_number_mantissa_length_int=\count304
\l__siunitx_number_uncert_length_int=\count305
\l__siunitx_round_int=\count306
\l__siunitx_process_decimal_int=\count307
\l__siunitx_process_uncertainty_int=\count308
\l__siunitx_process_fixed_int=\count309
\l__siunitx_process_integer_min_int=\count310
\l__siunitx_process_precision_int=\count311
\l__siunitx_group_min_int=\count312
\l__siunitx_angle_marker_box=\box110
\l__siunitx_angle_unit_box=\box111
\l__siunitx_angle_marker_dim=\dimen290
\l__siunitx_angle_unit_dim=\dimen291
\l__siunitx_unit_int=\count313
\l__siunitx_unit_denominator_int=\count314
\l__siunitx_unit_numerator_int=\count315
\l__siunitx_unit_prefix_int=\count316
\l__siunitx_unit_prefix_base_int=\count317
\l__siunitx_unit_prefix_gram_int=\count318
\l__siunitx_number_product_int=\count319
\c__siunitx_one_fill_skip=\skip61
\l__siunitx_table_unit_align_skip=\skip62
\l__siunitx_table_exponent_dim=\dimen292
\l__siunitx_table_integer_dim=\dimen293
\l__siunitx_table_mantissa_dim=\dimen294
\l__siunitx_table_marker_dim=\dimen295
\l__siunitx_table_result_dim=\dimen296
\l__siunitx_table_uncert_dim=\dimen297
\l__siunitx_table_fill_pre_dim=\dimen298
\l__siunitx_table_fill_post_dim=\dimen299
\l__siunitx_table_fill_mid_dim=\dimen300
\l__siunitx_table_pre_box=\box112
\l__siunitx_table_post_box=\box113
\l__siunitx_table_mantissa_box=\box114
\l__siunitx_table_result_box=\box115
\l__siunitx_table_number_align_skip=\skip63
\l__siunitx_table_text_align_skip=\skip64
(/usr/local/texlive/2021/texmf-dist/tex/latex/translator/translator.sty
Package: translator 2020-08-03 v1.12c Easy translation of strings in LaTeX

(/usr/local/texlive/2021/texmf-dist/tex/latex/graphics/keyval.sty
Package: keyval 2014/10/28 v1.15 key=value parser (DPC)
\KV@toks@=\toks28
)))
(./main.aux)
\openout1 = `main.aux'.

LaTeX Font Info:    Checking defaults for OML/cmm/m/it on input line 28.
LaTeX Font Info:    ... okay on input line 28.
LaTeX Font Info:    Checking defaults for OMS/cmsy/m/n on input line 28.
LaTeX Font Info:    ... okay on input line 28.
LaTeX Font Info:    Checking defaults for OT1/cmr/m/n on input line 28.
LaTeX Font Info:    ... okay on input line 28.
LaTeX Font Info:    Checking defaults for T1/cmr/m/n on input line 28.
LaTeX Font Info:    ... okay on input line 28.
LaTeX Font Info:    Checking defaults for TS1/cmr/m/n on input line 28.
LaTeX Font Info:    ... okay on input line 28.
LaTeX Font Info:    Checking defaults for OMX/cmex/m/n on input line 28.
LaTeX Font Info:    ... okay on input line 28.
LaTeX Font Info:    Checking defaults for U/cmr/m/n on input line 28.
LaTeX Font Info:    ... okay on input line 28.
LaTeX Font Info:    Checking defaults for JY1/mc/m/n on input line 28.
LaTeX Font Info:    ... okay on input line 28.
LaTeX Font Info:    Checking defaults for JT1/mc/m/n on input line 28.
LaTeX Font Info:    ... okay on input line 28.
 (./ninecolors.sty
Package: ninecolors 2022-02-13 vv2022D Select colors with proper color contrast

)
(/usr/local/texlive/2021/texmf-dist/tex/latex/siunitx/siunitx-abbreviations.cfg
File: siunitx-abbreviations.cfg 2017/11/26 v2.7k siunitx: Abbreviated units
)
(/usr/local/texlive/2021/texmf-dist/tex/latex/translator/translator-basic-dicti
onary-English.dict
Dictionary: translator-basic-dictionary, Language: English 
)
LaTeX Font Info:    External font `cmex10' loaded for size
(Font)              <7> on input line 28.
LaTeX Font Info:    External font `cmex10' loaded for size
(Font)              <5> on input line 28.
LaTeX Font Info:    External font `cmex10' loaded for size
(Font)              <12> on input line 30.
LaTeX Font Info:    External font `cmex10' loaded for size
(Font)              <8> on input line 30.
LaTeX Font Info:    External font `cmex10' loaded for size
(Font)              <6> on input line 30.
 (./table.tex
> Step: init table outer spec.
> Step: parse table options.
> Step: split table.
> Step: init table inner spec.
> Step: parse table inner spec.
> Step: execute table commands.
> Step: calculate cell and line sizes.
> Step: build the whole table.
) [1

] [2] (./main.aux) ) 
Here is how much of TeX's memory you used:
 8667 strings out of 479466
 183570 string characters out of 5870549
 533889 words of memory out of 5000000
 26268 multiletter control sequences out of 15000+600000
 415538 words of font info for 72 fonts, out of 8000000 for 9000
 929 hyphenation exceptions out of 8191
 83i,12n,102p,239b,917s stack positions out of 5000i,500n,10000p,200000b,80000s

Output written on main.dvi (2 pages, 3380 bytes).
